開始分析 - 20250208_212444
使用目錄：/home/tommy/cross-architecture/Experiment1/src/scripts_with-g＿20250204/ghidra/automation_20250208/results/analysis_20250208_212444
開始並行分析...
開始分析 arm 架構...
開始分析 mips 架構...
arm 分析完成
mips 分析完成
Ghidra 分析完成，開始比對...
java.io.FileNotFoundException: /home/tommy/cross-architecture/Experiment1/src/scripts_with-g＿20250204/ghidra/automation_20250208/results/analysis_20250208_212444/arm/label_1__init_pcode.txt (No such file or directory)
	at java.base/java.io.FileInputStream.open0(Native Method)
	at java.base/java.io.FileInputStream.open(FileInputStream.java:213)
	at java.base/java.io.FileInputStream.<init>(FileInputStream.java:152)
	at java.base/java.io.FileInputStream.<init>(FileInputStream.java:106)
	at java.base/java.io.FileReader.<init>(FileReader.java:60)
	at ComparePcode.readPcodeFile(ComparePcode.java:101)
	at ComparePcode.readFunctionMap(ComparePcode.java:89)
	at ComparePcode.main(ComparePcode.java:31)
完整分析流程完成！
結果保存在: /home/tommy/cross-architecture/Experiment1/src/scripts_with-g＿20250204/ghidra/automation_20250208/results/analysis_20250208_212444
比對結果: /home/tommy/cross-architecture/Experiment1/src/scripts_with-g＿20250204/ghidra/automation_20250208/results/analysis_20250208_212444/comparison/comparison_results_20250208_212444.csv
日誌文件: /home/tommy/cross-architecture/Experiment1/src/scripts_with-g＿20250204/ghidra/automation_20250208/logs/analysis_20250208_212444.log
