INFO  Using log config file: jar:file:/home/tommy/ghidra_11.2.1_PUBLIC/Ghidra/Framework/Generic/lib/Generic.jar!/generic.log4j.xml (LoggingInitialization)  
INFO  Using log file: /home/tommy/.config/ghidra/ghidra_11.2.1_PUBLIC/application.log (LoggingInitialization)  
INFO  Loading user preferences: /home/tommy/.config/ghidra/ghidra_11.2.1_PUBLIC/preferences (Preferences)  
INFO  Searching for classes... (ClassSearcher)  
INFO  Class search complete (1311 ms) (ClassSearcher)  
INFO  Initializing SSL Context (SSLContextInitializer)  
INFO  Initializing Random Number Generator... (SecureRandomFactory)  
INFO  Random Number Generator initialization complete: NativePRNGNonBlocking (SecureRandomFactory)  
INFO  Trust manager disabled, cacerts have not been set (ApplicationTrustManagerFactory)  
INFO  Headless startup complete (3315 ms) (AnalyzeHeadless)  
INFO  Class searcher loaded 57 extension points (18 false positives) (ClassSearcher)  
INFO  HEADLESS Script Paths:
    /home/tommy/ghidra_11.2.1_PUBLIC/Ghidra/Features/Decompiler/ghidra_scripts
    /home/tommy/ghidra_11.2.1_PUBLIC/Ghidra/Processors/DATA/ghidra_scripts
    /home/tommy/ghidra_11.2.1_PUBLIC/Ghidra/Features/PDB/ghidra_scripts
    /home/tommy/cross-architecture/Experiment1/src/scripts_with-g＿20250204/ghidra/automation_20250208/scripts
    /home/tommy/ghidra_11.2.1_PUBLIC/Ghidra/Processors/8051/ghidra_scripts
    /home/tommy/ghidra_11.2.1_PUBLIC/Ghidra/Debug/Debugger-rmi-trace/ghidra_scripts
    /home/tommy/ghidra_11.2.1_PUBLIC/Ghidra/Features/BytePatterns/ghidra_scripts
    /home/tommy/ghidra_11.2.1_PUBLIC/Ghidra/Processors/PIC/ghidra_scripts
    /home/tommy/ghidra_11.2.1_PUBLIC/Ghidra/Debug/Debugger/ghidra_scripts
    /home/tommy/ghidra_11.2.1_PUBLIC/Ghidra/Features/WildcardAssembler/ghidra_scripts
    /home/tommy/ghidra_11.2.1_PUBLIC/Ghidra/Features/FileFormats/ghidra_scripts
    /home/tommy/ghidra_11.2.1_PUBLIC/Ghidra/Features/Base/ghidra_scripts
    /home/tommy/ghidra_11.2.1_PUBLIC/Ghidra/Features/SwiftDemangler/ghidra_scripts
    /home/tommy/ghidra_11.2.1_PUBLIC/Ghidra/Features/FunctionID/ghidra_scripts
    /home/tommy/ghidra_11.2.1_PUBLIC/Ghidra/Features/BSim/ghidra_scripts
    /home/tommy/ghidra_11.2.1_PUBLIC/Ghidra/Debug/Debugger-agent-dbgmodel-traceloader/ghidra_scripts
    /home/tommy/ghidra_11.2.1_PUBLIC/Ghidra/Debug/Debugger-agent-frida/ghidra_scripts
    /home/tommy/ghidra_11.2.1_PUBLIC/Ghidra/Features/VersionTracking/ghidra_scripts
    /home/tommy/ghidra_11.2.1_PUBLIC/Ghidra/Processors/Atmel/ghidra_scripts
    /home/tommy/ghidra_11.2.1_PUBLIC/Ghidra/Features/SystemEmulation/ghidra_scripts
    /home/tommy/ghidra_11.2.1_PUBLIC/Ghidra/Processors/JVM/ghidra_scripts
    /home/tommy/ghidra_11.2.1_PUBLIC/Ghidra/Features/Jython/ghidra_scripts
    /home/tommy/ghidra_11.2.1_PUBLIC/Ghidra/Features/MicrosoftCodeAnalyzer/ghidra_scripts
    /home/tommy/ghidra_11.2.1_PUBLIC/Ghidra/Features/GnuDemangler/ghidra_scripts (HeadlessAnalyzer)  
INFO  HEADLESS: execution starts (HeadlessAnalyzer)  
INFO  Opening existing project: /home/tommy/cross-architecture/Experiment1/src/scripts_with-g＿20250204/ghidra/automation_20250208/results/analysis_20250209_124008/arm/arm_MIRAI (HeadlessAnalyzer)  
INFO  Opening project: /home/tommy/cross-architecture/Experiment1/src/scripts_with-g＿20250204/ghidra/automation_20250208/results/analysis_20250209_124008/arm/arm_MIRAI (HeadlessProject)  
INFO  REPORT: Processing input files:  (HeadlessAnalyzer)  
INFO       project: /home/tommy/cross-architecture/Experiment1/src/scripts_with-g＿20250204/ghidra/automation_20250208/results/analysis_20250209_124008/arm/arm_MIRAI (HeadlessAnalyzer)  
INFO  IMPORTING: file:///home/tommy/cross-architecture/Experiment1/src/scripts_with-g%EF%BC%BF20250204/output_arm/mirai.arm (HeadlessAnalyzer)  
INFO  Using Loader: Executable and Linking Format (ELF) (AutoImporter)  
INFO  Using Language/Compiler: ARM:LE:32:v8:default (AutoImporter)  
INFO  Using Library Search Path: [., /bin, /lib, /lib64, /lib/x86_64-linux-gnu, /lib/aarch64-linux-gnu, /usr/bin, /usr/lib, /usr/X11R6/bin, /usr/X11R6/lib, /usr/java/packages/lib, /usr/lib64] (AutoImporter)  
INFO  Additional info:
Loading file:///home/tommy/cross-architecture/Experiment1/src/scripts_with-g%EF%BC%BF20250204/output_arm/mirai.arm?MD5=329858ab778f9277b296a9f96aa361eb...
Unsupported Thread-Local Symbol not loaded: $d
Unsupported Thread-Local Symbol not loaded: thread_arena
Unsupported Thread-Local Symbol not loaded: tcache
Unsupported Thread-Local Symbol not loaded: tcache_shutting_down
Unsupported Thread-Local Symbol not loaded: $d
Unsupported Thread-Local Symbol not loaded: $d
Unsupported Thread-Local Symbol not loaded: $d
Unsupported Thread-Local Symbol not loaded: $d
Unsupported Thread-Local Symbol not loaded: $d
Unsupported Thread-Local Symbol not loaded: $d
Unsupported Thread-Local Symbol not loaded: _TLS_MODULE_BASE_
Unsupported Thread-Local Symbol not loaded: __libc_dlerror_result
Unsupported Thread-Local Symbol not loaded: errno
Unsupported Thread-Local Symbol not loaded: __libc_tsd_CTYPE_TOLOWER
Unsupported Thread-Local Symbol not loaded: _nl_current_LC_CTYPE
Unsupported Thread-Local Symbol not loaded: __libc_errno
Unsupported Thread-Local Symbol not loaded: _nl_current_LC_NUMERIC
Unsupported Thread-Local Symbol not loaded: __libc_tsd_CTYPE_B
Unsupported Thread-Local Symbol not loaded: __libc_tsd_LOCALE
Unsupported Thread-Local Symbol not loaded: __libc_tsd_CTYPE_TOUPPER
Setting block .tdata to read-only
Setting block .init_array to read-only
Setting block .fini_array to read-only
Setting block .data.rel.ro to read-only
Failed to markup ELF Note at 00010114: data conflict
------------------------------------------------

 (AutoImporter)  
INFO  IMPORTING: Loaded 0 additional files (HeadlessAnalyzer)  
ERROR REPORT: Found conflicting program file in project: /mirai.arm (HeadlessAnalyzer)  
ERROR REPORT: Import failed for file: file:///home/tommy/cross-architecture/Experiment1/src/scripts_with-g%EF%BC%BF20250204/output_arm/mirai.arm (HeadlessAnalyzer)  
