INFO  Using log config file: jar:file:/home/tommy/ghidra_11.2.1_PUBLIC/Ghidra/Framework/Generic/lib/Generic.jar!/generic.log4j.xml (LoggingInitialization)  
INFO  Using log file: /home/tommy/.config/ghidra/ghidra_11.2.1_PUBLIC/application.log (LoggingInitialization)  
INFO  Loading user preferences: /home/tommy/.config/ghidra/ghidra_11.2.1_PUBLIC/preferences (Preferences)  
INFO  Searching for classes... (ClassSearcher)  
INFO  Class search complete (1411 ms) (ClassSearcher)  
INFO  Initializing SSL Context (SSLContextInitializer)  
INFO  Initializing Random Number Generator... (SecureRandomFactory)  
INFO  Random Number Generator initialization complete: NativePRNGNonBlocking (SecureRandomFactory)  
INFO  Trust manager disabled, cacerts have not been set (ApplicationTrustManagerFactory)  
INFO  Headless startup complete (3133 ms) (AnalyzeHeadless)  
INFO  Class searcher loaded 57 extension points (18 false positives) (ClassSearcher)  
INFO  HEADLESS Script Paths:
    /home/tommy/ghidra_11.2.1_PUBLIC/Ghidra/Features/Decompiler/ghidra_scripts
    /home/tommy/ghidra_11.2.1_PUBLIC/Ghidra/Processors/DATA/ghidra_scripts
    /home/tommy/ghidra_11.2.1_PUBLIC/Ghidra/Features/PDB/ghidra_scripts
    /home/tommy/cross-architecture/Experiment1/src/scripts_with-g＿20250204/ghidra/automation_20250208/scripts
    /home/tommy/ghidra_11.2.1_PUBLIC/Ghidra/Processors/8051/ghidra_scripts
    /home/tommy/ghidra_11.2.1_PUBLIC/Ghidra/Debug/Debugger-rmi-trace/ghidra_scripts
    /home/tommy/ghidra_11.2.1_PUBLIC/Ghidra/Features/BytePatterns/ghidra_scripts
    /home/tommy/ghidra_11.2.1_PUBLIC/Ghidra/Processors/PIC/ghidra_scripts
    /home/tommy/ghidra_11.2.1_PUBLIC/Ghidra/Debug/Debugger/ghidra_scripts
    /home/tommy/ghidra_11.2.1_PUBLIC/Ghidra/Features/WildcardAssembler/ghidra_scripts
    /home/tommy/ghidra_11.2.1_PUBLIC/Ghidra/Features/FileFormats/ghidra_scripts
    /home/tommy/ghidra_11.2.1_PUBLIC/Ghidra/Features/Base/ghidra_scripts
    /home/tommy/ghidra_11.2.1_PUBLIC/Ghidra/Features/SwiftDemangler/ghidra_scripts
    /home/tommy/ghidra_11.2.1_PUBLIC/Ghidra/Features/FunctionID/ghidra_scripts
    /home/tommy/ghidra_11.2.1_PUBLIC/Ghidra/Features/BSim/ghidra_scripts
    /home/tommy/ghidra_11.2.1_PUBLIC/Ghidra/Debug/Debugger-agent-dbgmodel-traceloader/ghidra_scripts
    /home/tommy/ghidra_11.2.1_PUBLIC/Ghidra/Debug/Debugger-agent-frida/ghidra_scripts
    /home/tommy/ghidra_11.2.1_PUBLIC/Ghidra/Features/VersionTracking/ghidra_scripts
    /home/tommy/ghidra_11.2.1_PUBLIC/Ghidra/Processors/Atmel/ghidra_scripts
    /home/tommy/ghidra_11.2.1_PUBLIC/Ghidra/Features/SystemEmulation/ghidra_scripts
    /home/tommy/ghidra_11.2.1_PUBLIC/Ghidra/Processors/JVM/ghidra_scripts
    /home/tommy/ghidra_11.2.1_PUBLIC/Ghidra/Features/Jython/ghidra_scripts
    /home/tommy/ghidra_11.2.1_PUBLIC/Ghidra/Features/MicrosoftCodeAnalyzer/ghidra_scripts
    /home/tommy/ghidra_11.2.1_PUBLIC/Ghidra/Features/GnuDemangler/ghidra_scripts (HeadlessAnalyzer)  
INFO  HEADLESS: execution starts (HeadlessAnalyzer)  
INFO  Creating project: /home/tommy/cross-architecture/Experiment1/src/scripts_with-g＿20250204/ghidra/automation_20250208/results/analysis_20250209_122847/mips/mips_MIRAI (HeadlessAnalyzer)  
INFO  Creating project: /home/tommy/cross-architecture/Experiment1/src/scripts_with-g＿20250204/ghidra/automation_20250208/results/analysis_20250209_122847/mips/mips_MIRAI (DefaultProject)  
INFO  REPORT: Processing input files:  (HeadlessAnalyzer)  
INFO       project: /home/tommy/cross-architecture/Experiment1/src/scripts_with-g＿20250204/ghidra/automation_20250208/results/analysis_20250209_122847/mips/mips_MIRAI (HeadlessAnalyzer)  
INFO  IMPORTING: file:///home/tommy/cross-architecture/Experiment1/src/scripts_with-g%EF%BC%BF20250204/output_mips/mirai.mips (HeadlessAnalyzer)  
INFO  Using Loader: Executable and Linking Format (ELF) (AutoImporter)  
INFO  Using Language/Compiler: MIPS:BE:32:default:default (AutoImporter)  
INFO  Using Library Search Path: [., /bin, /lib, /lib64, /lib/x86_64-linux-gnu, /lib/aarch64-linux-gnu, /usr/bin, /usr/lib, /usr/X11R6/bin, /usr/X11R6/lib, /usr/java/packages/lib, /usr/lib64] (AutoImporter)  
INFO  Additional info:
Loading file:///home/tommy/cross-architecture/Experiment1/src/scripts_with-g%EF%BC%BF20250204/output_mips/mirai.mips?MD5=18e2d58d24e00f07588b187cca883fb0...
Skipping section [.mdebug.abi32] with invalid size 0x0
Unable to place symbol due to non-loaded section: .mdebug.abi32 - value=0x0, section=.mdebug.abi32
Unsupported Thread-Local Symbol not loaded: thread_arena
Unsupported Thread-Local Symbol not loaded: tcache
Unsupported Thread-Local Symbol not loaded: tcache_shutting_down
Unsupported Thread-Local Symbol not loaded: _nl_current_LC_CTYPE
Unsupported Thread-Local Symbol not loaded: __libc_errno
Unsupported Thread-Local Symbol not loaded: _nl_current_LC_NUMERIC
Unsupported Thread-Local Symbol not loaded: __libc_dlerror_result
Unsupported Thread-Local Symbol not loaded: errno
Unsupported Thread-Local Symbol not loaded: __libc_tsd_CTYPE_TOLOWER
Unsupported Thread-Local Symbol not loaded: __libc_tsd_CTYPE_B
Unsupported Thread-Local Symbol not loaded: __libc_tsd_LOCALE
Unsupported Thread-Local Symbol not loaded: __libc_tsd_CTYPE_TOUPPER
_mips_gp0_value=0x4bae60
Failed to markup ELF Note at 00400114: data conflict
------------------------------------------------

 (AutoImporter)  
INFO  IMPORTING: Loaded 0 additional files (HeadlessAnalyzer)  
INFO  ANALYZING all memory and code: file:///home/tommy/cross-architecture/Experiment1/src/scripts_with-g%EF%BC%BF20250204/output_mips/mirai.mips (HeadlessAnalyzer)  
WARN  Mismatched DWARF Attribute and Form: DW_AT_type->DW_FORM_ref_udata (DWARFAbbreviation)  
WARN  Mismatched DWARF Attribute and Form: DW_AT_type->DW_FORM_ref_udata (DWARFAbbreviation)  
WARN  Mismatched DWARF Attribute and Form: DW_AT_type->DW_FORM_ref_udata (DWARFAbbreviation)  
WARN  Mismatched DWARF Attribute and Form: DW_AT_type->DW_FORM_ref_udata (DWARFAbbreviation)  
WARN  Mismatched DWARF Attribute and Form: DW_AT_type->DW_FORM_ref_udata (DWARFAbbreviation)  
WARN  Mismatched DWARF Attribute and Form: DW_AT_type->DW_FORM_ref_udata (DWARFAbbreviation)  
WARN  Mismatched DWARF Attribute and Form: DW_AT_type->DW_FORM_ref_udata (DWARFAbbreviation)  
WARN  Mismatched DWARF Attribute and Form: DW_AT_type->DW_FORM_ref_udata (DWARFAbbreviation)  
WARN  Mismatched DWARF Attribute and Form: DW_AT_type->DW_FORM_ref_udata (DWARFAbbreviation)  
WARN  Mismatched DWARF Attribute and Form: DW_AT_type->DW_FORM_ref_udata (DWARFAbbreviation)  
WARN  Mismatched DWARF Attribute and Form: DW_AT_type->DW_FORM_ref_udata (DWARFAbbreviation)  
WARN  Mismatched DWARF Attribute and Form: DW_AT_type->DW_FORM_ref_udata (DWARFAbbreviation)  
WARN  Mismatched DWARF Attribute and Form: DW_AT_type->DW_FORM_ref_udata (DWARFAbbreviation)  
WARN  Mismatched DWARF Attribute and Form: DW_AT_type->DW_FORM_ref_udata (DWARFAbbreviation)  
WARN  Mismatched DWARF Attribute and Form: DW_AT_type->DW_FORM_ref_udata (DWARFAbbreviation)  
WARN  Mismatched DWARF Attribute and Form: DW_AT_type->DW_FORM_ref_udata (DWARFAbbreviation)  
WARN  Mismatched DWARF Attribute and Form: DW_AT_type->DW_FORM_ref_udata (DWARFAbbreviation)  
WARN  Mismatched DWARF Attribute and Form: DW_AT_type->DW_FORM_ref_udata (DWARFAbbreviation)  
WARN  Mismatched DWARF Attribute and Form: DW_AT_type->DW_FORM_ref_udata (DWARFAbbreviation)  
WARN  Mismatched DWARF Attribute and Form: DW_AT_type->DW_FORM_ref_udata (DWARFAbbreviation)  
WARN  Mismatched DWARF Attribute and Form: DW_AT_type->DW_FORM_ref_udata (DWARFAbbreviation)  
WARN  Mismatched DWARF Attribute and Form: DW_AT_type->DW_FORM_ref_udata (DWARFAbbreviation)  
WARN  Mismatched DWARF Attribute and Form: DW_AT_type->DW_FORM_ref_udata (DWARFAbbreviation)  
WARN  Mismatched DWARF Attribute and Form: DW_AT_type->DW_FORM_ref_udata (DWARFAbbreviation)  
WARN  Mismatched DWARF Attribute and Form: DW_AT_type->DW_FORM_ref_udata (DWARFAbbreviation)  
WARN  Mismatched DWARF Attribute and Form: DW_AT_type->DW_FORM_ref_udata (DWARFAbbreviation)  
WARN  Mismatched DWARF Attribute and Form: DW_AT_type->DW_FORM_ref_udata (DWARFAbbreviation)  
WARN  Mismatched DWARF Attribute and Form: DW_AT_type->DW_FORM_ref_udata (DWARFAbbreviation)  
WARN  Mismatched DWARF Attribute and Form: DW_AT_type->DW_FORM_ref_udata (DWARFAbbreviation)  
WARN  Mismatched DWARF Attribute and Form: DW_AT_type->DW_FORM_ref_udata (DWARFAbbreviation)  
WARN  Mismatched DWARF Attribute and Form: DW_AT_type->DW_FORM_ref_udata (DWARFAbbreviation)  
WARN  Mismatched DWARF Attribute and Form: DW_AT_type->DW_FORM_ref_udata (DWARFAbbreviation)  
WARN  Mismatched DWARF Attribute and Form: DW_AT_type->DW_FORM_ref_udata (DWARFAbbreviation)  
WARN  Mismatched DWARF Attribute and Form: DW_AT_type->DW_FORM_ref_udata (DWARFAbbreviation)  
INFO  DWARF ver[5], 388 compUnits, 102476 DIES, import - total elapsed: 4268ms (DWARFImportSummary)  
INFO  DWARF data type import - elapsed: 1484ms (DWARFImportSummary)  
INFO  DWARF func & symbol import - elapsed: 1957ms (DWARFImportSummary)  
INFO  DWARF types imported: 1624 (DWARFImportSummary)  
INFO  DWARF compile dirs: [/home/tommy/cross-architecture/Experiment1/src/scripts_with-g＿20250204, /home/tommy/crosstool-ng/.build/mips-unknown-linux-gnu/build/build-cc-gcc-final/mips-unknown-linux-gnu/libgcc, /home/tommy/crosstool-ng/.build/src/glibc-2.40/assert, /home/tommy/crosstool-ng/.build/src/glibc-2.40/csu, /home/tommy/crosstool-ng/.build/src/glibc-2.40/ctype, /home/tommy/crosstool-ng/.build/src/glibc-2.40/debug, /home/tommy/crosstool-ng/.build/src/glibc-2.40/dirent, /home/tommy/crosstool-ng/.build/src/glibc-2.40/dlfcn, /home/tommy/crosstool-ng/.build/src/glibc-2.40/elf, /home/tommy/crosstool-ng/.build/src/glibc-2.40/iconv, /home/tommy/crosstool-ng/.build/src/glibc-2.40/inet, /home/tommy/crosstool-ng/.build/src/glibc-2.40/intl, /home/tommy/crosstool-ng/.build/src/glibc-2.40/io, /home/tommy/crosstool-ng/.build/src/glibc-2.40/libio, /home/tommy/crosstool-ng/.build/src/glibc-2.40/locale, /home/tommy/crosstool-ng/.build/src/glibc-2.40/malloc, /home/tommy/crosstool-ng/.build/src/glibc-2.40/misc, /home/tommy/crosstool-ng/.build/src/glibc-2.40/nptl, /home/tommy/crosstool-ng/.build/src/glibc-2.40/posix, /home/tommy/crosstool-ng/.build/src/glibc-2.40/resolv, /home/tommy/crosstool-ng/.build/src/glibc-2.40/resource, /home/tommy/crosstool-ng/.build/src/glibc-2.40/setjmp, /home/tommy/crosstool-ng/.build/src/glibc-2.40/signal, /home/tommy/crosstool-ng/.build/src/glibc-2.40/socket, /home/tommy/crosstool-ng/.build/src/glibc-2.40/stdio-common, /home/tommy/crosstool-ng/.build/src/glibc-2.40/stdlib, /home/tommy/crosstool-ng/.build/src/glibc-2.40/string, /home/tommy/crosstool-ng/.build/src/glibc-2.40/termios, /home/tommy/crosstool-ng/.build/src/glibc-2.40/time, /home/tommy/crosstool-ng/.build/src/glibc-2.40/wcsmbs] (DWARFImportSummary)  
INFO  DWARF producers: [GNU AS 2.43.1, GNU C11 14.2.0 -meb -march=mips1 -mabi=32 -msoft-float -mllsc -mips1 -g -O2 -std=gnu11 -fgnu89-inline -fmerge-all-constants -frounding-math -fno-common -fmath-errno -fPIE -fno-stack-protector -fexceptions -fasynchronous-unwind-tables -ftls-model=initial-exec, GNU C11 14.2.0 -meb -march=mips1 -mabi=32 -msoft-float -mllsc -mips1 -g -O2 -std=gnu11 -fgnu89-inline -fmerge-all-constants -frounding-math -fno-common -fmath-errno -fPIE -fno-stack-protector -fno-tree-loop-distribute-patterns -ftls-model=initial-exec, GNU C11 14.2.0 -meb -march=mips1 -mabi=32 -msoft-float -mllsc -mips1 -g -O2 -std=gnu11 -fgnu89-inline -fmerge-all-constants -frounding-math -fno-common -fmath-errno -fPIE -fno-stack-protector -ftls-model=initial-exec, GNU C11 14.2.0 -meb -march=mips1 -mabi=32 -msoft-float -mllsc -mips1 -g -O2 -std=gnu11 -fgnu89-inline -fmerge-all-constants -frounding-math -fno-common -fmath-errno -fPIE -fno-stack-protector -funwind-tables -ftls-model=initial-exec, GNU C11 14.2.0 -meb -march=mips1 -mabi=32 -msoft-float -mllsc -mips1 -g -O2 -std=gnu11 -fgnu89-inline -fmerge-all-constants -frounding-math -fno-common -fmath-errno -ftls-model=initial-exec -fPIE -fno-stack-protector, GNU C11 14.2.0 -meb -march=mips1 -mabi=32 -msoft-float -mllsc -mips1 -g -O2 -std=gnu11 -fgnu89-inline -fmerge-all-constants -frounding-math -fno-stack-protector -fno-common -fmath-errno -fPIE -fasynchronous-unwind-tables -ftls-model=initial-exec, GNU C11 14.2.0 -meb -march=mips1 -mabi=32 -msoft-float -mllsc -mips1 -g -O2 -std=gnu11 -fgnu89-inline -fmerge-all-constants -frounding-math -fno-stack-protector -fno-common -fmath-errno -fPIE -fexceptions -fasynchronous-unwind-tables -ftls-model=initial-exec, GNU C11 14.2.0 -meb -march=mips1 -mabi=32 -msoft-float -mllsc -mips1 -g -O2 -std=gnu11 -fgnu89-inline -fmerge-all-constants -frounding-math -fno-stack-protector -fno-common -fmath-errno -fPIE -fexceptions -ftls-model=initial-exec, GNU C11 14.2.0 -meb -march=mips1 -mabi=32 -msoft-float -mllsc -mips1 -g -O2 -std=gnu11 -fgnu89-inline -fmerge-all-constants -frounding-math -fno-stack-protector -fno-common -fmath-errno -fPIE -ftls-model=initial-exec, GNU C17 14.2.0 -meb -march=mips1 -mabi=32 -msoft-float -mllsc -mplt -mips1 -mno-shared -g -O0 -fno-inline -fno-optimize-sibling-calls -fno-stack-protector -fno-exceptions -fcommon, GNU C17 14.2.0 -meb -minterlink-mips16 -march=mips1 -mabi=32 -msoft-float -mllsc -mips1 -g -g -g -g -g -O2 -Os -O2 -O2 -Os -fbuilding-libgcc -fno-stack-protector -fPIC -fexceptions -fvisibility=hidden, GNU C17 14.2.0 -meb -minterlink-mips16 -march=mips1 -mabi=32 -msoft-float -mllsc -mips1 -g -g -g -g -g -O2 -Os -O2 -O2 -Os -fbuilding-libgcc -fno-stack-protector -fPIC -fvisibility=hidden] (DWARFImportSummary)  
INFO  DWARF source languages: [DW_LANG_C11, DW_LANG_Mips_Assembler] (DWARFImportSummary)  
INFO  DWARF compUnit: ../sysdeps/mips/start.S (DWARFImportSummary)  
INFO  DWARF compUnit: abi-note.c (DWARFImportSummary)  
INFO  DWARF compUnit: init.c (DWARFImportSummary)  
INFO  DWARF compUnit: ../sysdeps/mips/mips32/crti.S (DWARFImportSummary)  
INFO  DWARF compUnit: /home/tommy/cross-architecture/Experiment1/MIRAI/Mirai-Source-Code/mirai/bot/attack_app.c (DWARFImportSummary)  
INFO  DWARF compUnit: /home/tommy/cross-architecture/Experiment1/MIRAI/Mirai-Source-Code/mirai/bot/attack_gre.c (DWARFImportSummary)  
INFO  DWARF compUnit: /home/tommy/cross-architecture/Experiment1/MIRAI/Mirai-Source-Code/mirai/bot/attack.c (DWARFImportSummary)  
INFO  DWARF compUnit: /home/tommy/cross-architecture/Experiment1/MIRAI/Mirai-Source-Code/mirai/bot/attack_tcp.c (DWARFImportSummary)  
INFO  DWARF compUnit: /home/tommy/cross-architecture/Experiment1/MIRAI/Mirai-Source-Code/mirai/bot/attack_udp.c (DWARFImportSummary)  
INFO  DWARF compUnit: /home/tommy/cross-architecture/Experiment1/MIRAI/Mirai-Source-Code/mirai/bot/checksum.c (DWARFImportSummary)  
INFO  DWARF compUnit: /home/tommy/cross-architecture/Experiment1/MIRAI/Mirai-Source-Code/mirai/bot/killer.c (DWARFImportSummary)  
INFO  DWARF compUnit: /home/tommy/cross-architecture/Experiment1/MIRAI/Mirai-Source-Code/mirai/bot/main.c (DWARFImportSummary)  
INFO  DWARF compUnit: /home/tommy/cross-architecture/Experiment1/MIRAI/Mirai-Source-Code/mirai/bot/rand.c (DWARFImportSummary)  
INFO  DWARF compUnit: /home/tommy/cross-architecture/Experiment1/MIRAI/Mirai-Source-Code/mirai/bot/resolv.c (DWARFImportSummary)  
INFO  DWARF compUnit: /home/tommy/cross-architecture/Experiment1/MIRAI/Mirai-Source-Code/mirai/bot/table.c (DWARFImportSummary)  
INFO  DWARF compUnit: /home/tommy/cross-architecture/Experiment1/MIRAI/Mirai-Source-Code/mirai/bot/util.c (DWARFImportSummary)  
INFO  DWARF compUnit: libc-start.c (DWARFImportSummary)  
INFO  DWARF compUnit: ../sysdeps/mips/libc-tls.c (DWARFImportSummary)  
INFO  DWARF compUnit: errno-loc.c (DWARFImportSummary)  
INFO  DWARF compUnit: ../sysdeps/mips/bsd-_setjmp.S (DWARFImportSummary)  
INFO  DWARF compUnit: ../sysdeps/posix/signal.c (DWARFImportSummary)  
INFO  DWARF compUnit: ../sysdeps/posix/raise.c (DWARFImportSummary)  
INFO  DWARF compUnit: sigaction.c (DWARFImportSummary)  
INFO  DWARF compUnit: ../sysdeps/unix/sysv/linux/libc_sigaction.c (DWARFImportSummary)  
INFO  DWARF compUnit: ../sysdeps/unix/sysv/linux/sigprocmask.c (DWARFImportSummary)  
INFO  DWARF compUnit: ../sysdeps/unix/syscall-template.S (DWARFImportSummary)  
INFO  DWARF compUnit: sigempty.c (DWARFImportSummary)  
INFO  DWARF compUnit: sigaddset.c (DWARFImportSummary)  
INFO  DWARF compUnit: atoi.c (DWARFImportSummary)  
INFO  DWARF compUnit: cxa_atexit.c (DWARFImportSummary)  
INFO  DWARF compUnit: exit.c (DWARFImportSummary)  
INFO  DWARF compUnit: strtol.c (DWARFImportSummary)  
INFO  DWARF compUnit: strtol_l.c (DWARFImportSummary)  
INFO  DWARF compUnit: grouping.c (DWARFImportSummary)  
INFO  DWARF compUnit: lowlevellock.c (DWARFImportSummary)  
INFO  DWARF compUnit: nptl_deallocate_tsd.c (DWARFImportSummary)  
INFO  DWARF compUnit: nptl_nthreads.c (DWARFImportSummary)  
INFO  DWARF compUnit: pthread_keys.c (DWARFImportSummary)  
INFO  DWARF compUnit: pthread_kill.c (DWARFImportSummary)  
INFO  DWARF compUnit: pthread_self.c (DWARFImportSummary)  
INFO  DWARF compUnit: pthread_sigmask.c (DWARFImportSummary)  
INFO  DWARF compUnit: malloc.c (DWARFImportSummary)  
INFO  DWARF compUnit: memcmp.c (DWARFImportSummary)  
INFO  DWARF compUnit: ../sysdeps/mips/memcpy.S (DWARFImportSummary)  
INFO  DWARF compUnit: memmove.c (DWARFImportSummary)  
INFO  DWARF compUnit: ../sysdeps/mips/memset.S (DWARFImportSummary)  
INFO  DWARF compUnit: strlen.c (DWARFImportSummary)  
INFO  DWARF compUnit: wordcopy.c (DWARFImportSummary)  
INFO  DWARF compUnit: ../sysdeps/unix/sysv/linux/clock.c (DWARFImportSummary)  
INFO  DWARF compUnit: ../sysdeps/unix/sysv/linux/time.c (DWARFImportSummary)  
INFO  DWARF compUnit: ../sysdeps/unix/sysv/linux/clock_gettime.c (DWARFImportSummary)  
INFO  DWARF compUnit: ../sysdeps/unix/sysv/linux/closedir.c (DWARFImportSummary)  
INFO  DWARF compUnit: ../sysdeps/unix/sysv/linux/opendir.c (DWARFImportSummary)  
INFO  DWARF compUnit: ../sysdeps/unix/sysv/linux/readdir.c (DWARFImportSummary)  
INFO  DWARF compUnit: ../sysdeps/unix/sysv/linux/_exit.c (DWARFImportSummary)  
INFO  DWARF compUnit: fork.c (DWARFImportSummary)  
INFO  DWARF compUnit: ../sysdeps/unix/syscall-template.S (DWARFImportSummary)  
INFO  DWARF compUnit: ../sysdeps/unix/syscall-template.S (DWARFImportSummary)  
INFO  DWARF compUnit: register-atfork.c (DWARFImportSummary)  
INFO  DWARF compUnit: ../sysdeps/unix/syscall-template.S (DWARFImportSummary)  
INFO  DWARF compUnit: ../sysdeps/posix/sleep.c (DWARFImportSummary)  
INFO  DWARF compUnit: environ.c (DWARFImportSummary)  
INFO  DWARF compUnit: ../sysdeps/unix/syscall-template.S (DWARFImportSummary)  
INFO  DWARF compUnit: ../sysdeps/unix/sysv/linux/close.c (DWARFImportSummary)  
INFO  DWARF compUnit: ../sysdeps/unix/sysv/linux/fcntl.c (DWARFImportSummary)  
INFO  DWARF compUnit: ../sysdeps/unix/sysv/linux/fstat64.c (DWARFImportSummary)  
INFO  DWARF compUnit: ../sysdeps/unix/sysv/linux/fstatat64.c (DWARFImportSummary)  
INFO  DWARF compUnit: ../sysdeps/unix/sysv/linux/open.c (DWARFImportSummary)  
INFO  DWARF compUnit: ../sysdeps/unix/sysv/linux/read.c (DWARFImportSummary)  
INFO  DWARF compUnit: ../sysdeps/unix/sysv/linux/readlink.c (DWARFImportSummary)  
INFO  DWARF compUnit: ../sysdeps/unix/sysv/linux/unlink.c (DWARFImportSummary)  
INFO  DWARF compUnit: ../sysdeps/unix/sysv/linux/write.c (DWARFImportSummary)  
INFO  DWARF compUnit: ../sysdeps/unix/sysv/linux/close_nocancel.c (DWARFImportSummary)  
INFO  DWARF compUnit: ../sysdeps/unix/sysv/linux/fcntl_nocancel.c (DWARFImportSummary)  
INFO  DWARF compUnit: ../sysdeps/unix/sysv/linux/open_nocancel.c (DWARFImportSummary)  
INFO  DWARF compUnit: ../sysdeps/unix/sysv/linux/openat_nocancel.c (DWARFImportSummary)  
INFO  DWARF compUnit: ../sysdeps/unix/sysv/linux/read_nocancel.c (DWARFImportSummary)  
INFO  DWARF compUnit: ../sysdeps/unix/sysv/linux/stat_t64_cp.c (DWARFImportSummary)  
INFO  DWARF compUnit: ../sysdeps/unix/sysv/linux/brk.c (DWARFImportSummary)  
INFO  DWARF compUnit: ../sysdeps/unix/sysv/linux/getsysstats.c (DWARFImportSummary)  
INFO  DWARF compUnit: ../sysdeps/unix/sysv/linux/ioctl.c (DWARFImportSummary)  
INFO  DWARF compUnit: ../sysdeps/unix/syscall-template.S (DWARFImportSummary)  
INFO  DWARF compUnit: ../sysdeps/unix/sysv/linux/mmap.c (DWARFImportSummary)  
INFO  DWARF compUnit: ../sysdeps/unix/syscall-template.S (DWARFImportSummary)  
INFO  DWARF compUnit: ../sysdeps/unix/syscall-template.S (DWARFImportSummary)  
INFO  DWARF compUnit: sbrk.c (DWARFImportSummary)  
INFO  DWARF compUnit: ../sysdeps/unix/sysv/linux/select.c (DWARFImportSummary)  
INFO  DWARF compUnit: ../sysdeps/unix/sysv/linux/mips/mips32/mips-syscall5.S (DWARFImportSummary)  
INFO  DWARF compUnit: ../sysdeps/unix/sysv/linux/mips/mips32/mips-syscall6.S (DWARFImportSummary)  
INFO  DWARF compUnit: ../sysdeps/unix/sysv/linux/mremap.c (DWARFImportSummary)  
INFO  DWARF compUnit: ../sysdeps/unix/syscall-template.S (DWARFImportSummary)  
INFO  DWARF compUnit: ../sysdeps/unix/sysv/linux/setvmaname.c (DWARFImportSummary)  
INFO  DWARF compUnit: ../sysdeps/unix/syscall-template.S (DWARFImportSummary)  
INFO  DWARF compUnit: ../sysdeps/unix/sysv/linux/malloc-hugepages.c (DWARFImportSummary)  
INFO  DWARF compUnit: ../sysdeps/unix/sysv/linux/accept.c (DWARFImportSummary)  
INFO  DWARF compUnit: ../sysdeps/unix/syscall-template.S (DWARFImportSummary)  
INFO  DWARF compUnit: ../sysdeps/unix/sysv/linux/connect.c (DWARFImportSummary)  
INFO  DWARF compUnit: ../sysdeps/unix/syscall-template.S (DWARFImportSummary)  
INFO  DWARF compUnit: ../sysdeps/unix/sysv/linux/getsockopt.c (DWARFImportSummary)  
INFO  DWARF compUnit: ../sysdeps/unix/syscall-template.S (DWARFImportSummary)  
INFO  DWARF compUnit: ../sysdeps/unix/sysv/linux/recv.c (DWARFImportSummary)  
INFO  DWARF compUnit: ../sysdeps/unix/sysv/linux/recvfrom.c (DWARFImportSummary)  
INFO  DWARF compUnit: ../sysdeps/unix/sysv/linux/send.c (DWARFImportSummary)  
INFO  DWARF compUnit: ../sysdeps/unix/sysv/linux/sendto.c (DWARFImportSummary)  
INFO  DWARF compUnit: ../sysdeps/unix/sysv/linux/setsockopt.c (DWARFImportSummary)  
INFO  DWARF compUnit: ../sysdeps/unix/syscall-template.S (DWARFImportSummary)  
INFO  DWARF compUnit: htonl.c (DWARFImportSummary)  
INFO  DWARF compUnit: htons.c (DWARFImportSummary)  
INFO  DWARF compUnit: inet_addr.c (DWARFImportSummary)  
INFO  DWARF compUnit: dl-debug.c (DWARFImportSummary)  
INFO  DWARF compUnit: dl-tls.c (DWARFImportSummary)  
INFO  DWARF compUnit: ../sysdeps/nptl/dl-tls_init_tp.c (DWARFImportSummary)  
INFO  DWARF compUnit: dl-tunables.c (DWARFImportSummary)  
INFO  DWARF compUnit: ../sysdeps/unix/sysv/linux/dl-early_allocate.c (DWARFImportSummary)  
INFO  DWARF compUnit: dl-support.c (DWARFImportSummary)  
INFO  DWARF compUnit: enbl-secure.c (DWARFImportSummary)  
INFO  DWARF compUnit: libc_early_init.c (DWARFImportSummary)  
INFO  DWARF compUnit: check_fds.c (DWARFImportSummary)  
INFO  DWARF compUnit: init-first.c (DWARFImportSummary)  
INFO  DWARF compUnit: ../sysdeps/unix/mips/sysdep.S (DWARFImportSummary)  
INFO  DWARF compUnit: errno.c (DWARFImportSummary)  
INFO  DWARF compUnit: global-locale.c (DWARFImportSummary)  
INFO  DWARF compUnit: xlocale.c (DWARFImportSummary)  
INFO  DWARF compUnit: __libc_assert_fail.c (DWARFImportSummary)  
INFO  DWARF compUnit: ctype-info.c (DWARFImportSummary)  
INFO  DWARF compUnit: ../sysdeps/mips/setjmp.S (DWARFImportSummary)  
INFO  DWARF compUnit: ../sysdeps/mips/setjmp_aux.c (DWARFImportSummary)  
INFO  DWARF compUnit: abort.c (DWARFImportSummary)  
INFO  DWARF compUnit: getenv.c (DWARFImportSummary)  
INFO  DWARF compUnit: setenv.c (DWARFImportSummary)  
INFO  DWARF compUnit: strtoul.c (DWARFImportSummary)  
INFO  DWARF compUnit: strtoul_l.c (DWARFImportSummary)  
INFO  DWARF compUnit: _itoa.c (DWARFImportSummary)  
INFO  DWARF compUnit: fprintf.c (DWARFImportSummary)  
INFO  DWARF compUnit: itoa-digits.c (DWARFImportSummary)  
INFO  DWARF compUnit: itoa-udigits.c (DWARFImportSummary)  
INFO  DWARF compUnit: vfprintf-internal.c (DWARFImportSummary)  
INFO  DWARF compUnit: errname.c (DWARFImportSummary)  
INFO  DWARF compUnit: printf-parsemb.c (DWARFImportSummary)  
INFO  DWARF compUnit: iofputs.c (DWARFImportSummary)  
INFO  DWARF compUnit: iofwrite.c (DWARFImportSummary)  
INFO  DWARF compUnit: ../sysdeps/unix/sysv/linux/libc_fatal.c (DWARFImportSummary)  
INFO  DWARF compUnit: vtables.c (DWARFImportSummary)  
INFO  DWARF compUnit: fileops.c (DWARFImportSummary)  
INFO  DWARF compUnit: genops.c (DWARFImportSummary)  
INFO  DWARF compUnit: stdfiles.c (DWARFImportSummary)  
INFO  DWARF compUnit: stdio.c (DWARFImportSummary)  
INFO  DWARF compUnit: strops.c (DWARFImportSummary)  
INFO  DWARF compUnit: cancellation.c (DWARFImportSummary)  
INFO  DWARF compUnit: libc-cleanup.c (DWARFImportSummary)  
INFO  DWARF compUnit: pthread_mutex_conf.c (DWARFImportSummary)  
INFO  DWARF compUnit: pthread_mutex_lock.c (DWARFImportSummary)  
INFO  DWARF compUnit: pthread_mutex_unlock.c (DWARFImportSummary)  
INFO  DWARF compUnit: pthread_once.c (DWARFImportSummary)  
INFO  DWARF compUnit: tpp.c (DWARFImportSummary)  
INFO  DWARF compUnit: vars.c (DWARFImportSummary)  
INFO  DWARF compUnit: scratch_buffer_grow_preserve.c (DWARFImportSummary)  
INFO  DWARF compUnit: scratch_buffer_set_array_size.c (DWARFImportSummary)  
INFO  DWARF compUnit: dynarray_at_failure.c (DWARFImportSummary)  
INFO  DWARF compUnit: dynarray_emplace_enlarge.c (DWARFImportSummary)  
INFO  DWARF compUnit: _strerror.c (DWARFImportSummary)  
INFO  DWARF compUnit: memchr.c (DWARFImportSummary)  
INFO  DWARF compUnit: strchr.c (DWARFImportSummary)  
INFO  DWARF compUnit: strchrnul.c (DWARFImportSummary)  
INFO  DWARF compUnit: ../sysdeps/mips/strcmp.S (DWARFImportSummary)  
INFO  DWARF compUnit: strncmp.c (DWARFImportSummary)  
INFO  DWARF compUnit: strnlen.c (DWARFImportSummary)  
INFO  DWARF compUnit: strrchr.c (DWARFImportSummary)  
INFO  DWARF compUnit: strstr.c (DWARFImportSummary)  
INFO  DWARF compUnit: wcrtomb.c (DWARFImportSummary)  
INFO  DWARF compUnit: wcsmbsload.c (DWARFImportSummary)  
INFO  DWARF compUnit: wcsrtombs.c (DWARFImportSummary)  
INFO  DWARF compUnit: ../sysdeps/unix/sysv/linux/getdents.c (DWARFImportSummary)  
INFO  DWARF compUnit: ../sysdeps/unix/sysv/linux/getdents64.c (DWARFImportSummary)  
INFO  DWARF compUnit: ../sysdeps/nptl/_Fork.c (DWARFImportSummary)  
INFO  DWARF compUnit: ../sysdeps/unix/sysv/linux/nanosleep.c (DWARFImportSummary)  
INFO  DWARF compUnit: sched_cpucount.c (DWARFImportSummary)  
INFO  DWARF compUnit: ../sysdeps/unix/syscall-template.S (DWARFImportSummary)  
INFO  DWARF compUnit: ../sysdeps/unix/syscall-template.S (DWARFImportSummary)  
INFO  DWARF compUnit: ../sysdeps/unix/syscall-template.S (DWARFImportSummary)  
INFO  DWARF compUnit: ../sysdeps/unix/syscall-template.S (DWARFImportSummary)  
INFO  DWARF compUnit: ../sysdeps/unix/syscall-template.S (DWARFImportSummary)  
INFO  DWARF compUnit: ../sysdeps/unix/sysv/linux/lseek64.c (DWARFImportSummary)  
INFO  DWARF compUnit: ../sysdeps/unix/sysv/linux/open64_nocancel.c (DWARFImportSummary)  
INFO  DWARF compUnit: ../sysdeps/unix/sysv/linux/pread64_nocancel.c (DWARFImportSummary)  
INFO  DWARF compUnit: ../sysdeps/unix/sysv/linux/write_nocancel.c (DWARFImportSummary)  
INFO  DWARF compUnit: ../sysdeps/unix/sysv/linux/getrlimit.c (DWARFImportSummary)  
INFO  DWARF compUnit: ../sysdeps/unix/sysv/linux/getpagesize.c (DWARFImportSummary)  
INFO  DWARF compUnit: ../sysdeps/unix/sysv/linux/mmap64.c (DWARFImportSummary)  
INFO  DWARF compUnit: single_threaded.c (DWARFImportSummary)  
INFO  DWARF compUnit: tsearch.c (DWARFImportSummary)  
INFO  DWARF compUnit: init-misc.c (DWARFImportSummary)  
INFO  DWARF compUnit: chk_fail.c (DWARFImportSummary)  
INFO  DWARF compUnit: fortify_fail.c (DWARFImportSummary)  
INFO  DWARF compUnit: ../sysdeps/unix/sysv/linux/readonly-area.c (DWARFImportSummary)  
INFO  DWARF compUnit: dl-catch.c (DWARFImportSummary)  
INFO  DWARF compUnit: dl-exception.c (DWARFImportSummary)  
INFO  DWARF compUnit: dl-load.c (DWARFImportSummary)  
INFO  DWARF compUnit: dl-lookup.c (DWARFImportSummary)  
INFO  DWARF compUnit: dl-misc.c (DWARFImportSummary)  
INFO  DWARF compUnit: dl-object.c (DWARFImportSummary)  
INFO  DWARF compUnit: ../sysdeps/unix/sysv/linux/dl-origin.c (DWARFImportSummary)  
INFO  DWARF compUnit: dl-printf.c (DWARFImportSummary)  
INFO  DWARF compUnit: dl-reloc.c (DWARFImportSummary)  
INFO  DWARF compUnit: dl-scope.c (DWARFImportSummary)  
INFO  DWARF compUnit: dl-setup_hash.c (DWARFImportSummary)  
INFO  DWARF compUnit: ../sysdeps/nptl/dl-thread_gscope_wait.c (DWARFImportSummary)  
INFO  DWARF compUnit: ../sysdeps/mips/dl-trampoline.c (DWARFImportSummary)  
INFO  DWARF compUnit: dl-cache.c (DWARFImportSummary)  
INFO  DWARF compUnit: gconv_db.c (DWARFImportSummary)  
INFO  DWARF compUnit: gconv_conf.c (DWARFImportSummary)  
INFO  DWARF compUnit: gconv_builtin.c (DWARFImportSummary)  
INFO  DWARF compUnit: gconv_simple.c (DWARFImportSummary)  
INFO  DWARF compUnit: gconv_trans.c (DWARFImportSummary)  
INFO  DWARF compUnit: gconv_cache.c (DWARFImportSummary)  
INFO  DWARF compUnit: gconv_dl.c (DWARFImportSummary)  
INFO  DWARF compUnit: setlocale.c (DWARFImportSummary)  
INFO  DWARF compUnit: C-address.c (DWARFImportSummary)  
INFO  DWARF compUnit: C-collate.c (DWARFImportSummary)  
INFO  DWARF compUnit: C-ctype.c (DWARFImportSummary)  
INFO  DWARF compUnit: C-identification.c (DWARFImportSummary)  
INFO  DWARF compUnit: C-measurement.c (DWARFImportSummary)  
INFO  DWARF compUnit: C-messages.c (DWARFImportSummary)  
INFO  DWARF compUnit: C-monetary.c (DWARFImportSummary)  
INFO  DWARF compUnit: C-name.c (DWARFImportSummary)  
INFO  DWARF compUnit: C-numeric.c (DWARFImportSummary)  
INFO  DWARF compUnit: C-paper.c (DWARFImportSummary)  
INFO  DWARF compUnit: C-telephone.c (DWARFImportSummary)  
INFO  DWARF compUnit: C-time.c (DWARFImportSummary)  
INFO  DWARF compUnit: lc-ctype.c (DWARFImportSummary)  
INFO  DWARF compUnit: lc-numeric.c (DWARFImportSummary)  
INFO  DWARF compUnit: C_name.c (DWARFImportSummary)  
INFO  DWARF compUnit: SYS_libc.c (DWARFImportSummary)  
INFO  DWARF compUnit: dcgettext.c (DWARFImportSummary)  
INFO  DWARF compUnit: dcigettext.c (DWARFImportSummary)  
INFO  DWARF compUnit: finddomain.c (DWARFImportSummary)  
INFO  DWARF compUnit: loadmsgcat.c (DWARFImportSummary)  
INFO  DWARF compUnit: localealias.c (DWARFImportSummary)  
INFO  DWARF compUnit: l10nflist.c (DWARFImportSummary)  
INFO  DWARF compUnit: explodename.c (DWARFImportSummary)  
INFO  DWARF compUnit: /home/tommy/crosstool-ng/.build/mips-unknown-linux-gnu/build/build-libc/multilib/intl/plural.c (DWARFImportSummary)  
INFO  DWARF compUnit: plural-exp.c (DWARFImportSummary)  
INFO  DWARF compUnit: hash-string.c (DWARFImportSummary)  
INFO  DWARF compUnit: sigjmp.c (DWARFImportSummary)  
INFO  DWARF compUnit: ../sysdeps/mips/__longjmp.c (DWARFImportSummary)  
INFO  DWARF compUnit: qsort.c (DWARFImportSummary)  
INFO  DWARF compUnit: asprintf.c (DWARFImportSummary)  
INFO  DWARF compUnit: funlockfile.c (DWARFImportSummary)  
INFO  DWARF compUnit: grouping_iterator.c (DWARFImportSummary)  
INFO  DWARF compUnit: printf_buffer_done.c (DWARFImportSummary)  
INFO  DWARF compUnit: printf_buffer_pad_1.c (DWARFImportSummary)  
INFO  DWARF compUnit: printf_buffer_putc_1.c (DWARFImportSummary)  
INFO  DWARF compUnit: printf_buffer_puts_1.c (DWARFImportSummary)  
INFO  DWARF compUnit: printf_buffer_to_file.c (DWARFImportSummary)  
INFO  DWARF compUnit: printf_buffer_write.c (DWARFImportSummary)  
INFO  DWARF compUnit: printf_fp.c (DWARFImportSummary)  
INFO  DWARF compUnit: printf_fphex.c (DWARFImportSummary)  
INFO  DWARF compUnit: printf_function_invoke.c (DWARFImportSummary)  
INFO  DWARF compUnit: reg-modifier.c (DWARFImportSummary)  
INFO  DWARF compUnit: reg-printf.c (DWARFImportSummary)  
INFO  DWARF compUnit: reg-type.c (DWARFImportSummary)  
INFO  DWARF compUnit: snprintf.c (DWARFImportSummary)  
INFO  DWARF compUnit: translated_number_width.c (DWARFImportSummary)  
INFO  DWARF compUnit: wprintf_buffer_putc_1.c (DWARFImportSummary)  
INFO  DWARF compUnit: wprintf_buffer_to_file.c (DWARFImportSummary)  
INFO  DWARF compUnit: errlist.c (DWARFImportSummary)  
INFO  DWARF compUnit: errlist-data-gen.c (DWARFImportSummary)  
INFO  DWARF compUnit: filedoalloc.c (DWARFImportSummary)  
INFO  DWARF compUnit: iofclose.c (DWARFImportSummary)  
INFO  DWARF compUnit: iofopen.c (DWARFImportSummary)  
INFO  DWARF compUnit: iogetdelim.c (DWARFImportSummary)  
INFO  DWARF compUnit: wgenops.c (DWARFImportSummary)  
INFO  DWARF compUnit: wfileops.c (DWARFImportSummary)  
INFO  DWARF compUnit: iofwide.c (DWARFImportSummary)  
INFO  DWARF compUnit: vasprintf.c (DWARFImportSummary)  
INFO  DWARF compUnit: vsnprintf.c (DWARFImportSummary)  
INFO  DWARF compUnit: iofgets_u.c (DWARFImportSummary)  
INFO  DWARF compUnit: alloca_cutoff.c (DWARFImportSummary)  
INFO  DWARF compUnit: cleanup_compat.c (DWARFImportSummary)  
INFO  DWARF compUnit: futex-internal.c (DWARFImportSummary)  
INFO  DWARF compUnit: nptl-stack.c (DWARFImportSummary)  
INFO  DWARF compUnit: pthread_rwlock_init.c (DWARFImportSummary)  
INFO  DWARF compUnit: pthread_rwlock_rdlock.c (DWARFImportSummary)  
INFO  DWARF compUnit: pthread_rwlock_unlock.c (DWARFImportSummary)  
INFO  DWARF compUnit: pthread_rwlock_wrlock.c (DWARFImportSummary)  
INFO  DWARF compUnit: argz-addsep.c (DWARFImportSummary)  
INFO  DWARF compUnit: argz-ctsep.c (DWARFImportSummary)  
INFO  DWARF compUnit: memrchr.c (DWARFImportSummary)  
INFO  DWARF compUnit: stpcpy.c (DWARFImportSummary)  
INFO  DWARF compUnit: strcasecmp_l.c (DWARFImportSummary)  
INFO  DWARF compUnit: strcpy.c (DWARFImportSummary)  
INFO  DWARF compUnit: strcspn.c (DWARFImportSummary)  
INFO  DWARF compUnit: strdup.c (DWARFImportSummary)  
INFO  DWARF compUnit: strsep.c (DWARFImportSummary)  
INFO  DWARF compUnit: strtok_r.c (DWARFImportSummary)  
INFO  DWARF compUnit: wcslen.c (DWARFImportSummary)  
INFO  DWARF compUnit: wcsnlen.c (DWARFImportSummary)  
INFO  DWARF compUnit: wmemchr.c (DWARFImportSummary)  
INFO  DWARF compUnit: wmemcpy.c (DWARFImportSummary)  
INFO  DWARF compUnit: wmemmove.c (DWARFImportSummary)  
INFO  DWARF compUnit: wmempcpy.c (DWARFImportSummary)  
INFO  DWARF compUnit: ../sysdeps/unix/sysv/linux/clock_nanosleep.c (DWARFImportSummary)  
INFO  DWARF compUnit: ../sysdeps/unix/sysv/linux/readdir64.c (DWARFImportSummary)  
INFO  DWARF compUnit: ../sysdeps/unix/sysv/linux/getcwd.c (DWARFImportSummary)  
INFO  DWARF compUnit: ../sysdeps/posix/isatty.c (DWARFImportSummary)  
INFO  DWARF compUnit: ../sysdeps/unix/sysv/linux/lseek.c (DWARFImportSummary)  
INFO  DWARF compUnit: ../sysdeps/unix/sysv/linux/lstat64.c (DWARFImportSummary)  
INFO  DWARF compUnit: ../sysdeps/unix/sysv/linux/openat64.c (DWARFImportSummary)  
INFO  DWARF compUnit: ../sysdeps/unix/sysv/linux/stat64.c (DWARFImportSummary)  
INFO  DWARF compUnit: ../sysdeps/unix/sysv/linux/tcgetattr.c (DWARFImportSummary)  
INFO  DWARF compUnit: ../sysdeps/unix/sysv/linux/dl-execstack.c (DWARFImportSummary)  
INFO  DWARF compUnit: dl-runtime.c (DWARFImportSummary)  
INFO  DWARF compUnit: dl-libc.c (DWARFImportSummary)  
INFO  DWARF compUnit: gconv_open.c (DWARFImportSummary)  
INFO  DWARF compUnit: gconv.c (DWARFImportSummary)  
INFO  DWARF compUnit: gconv_close.c (DWARFImportSummary)  
INFO  DWARF compUnit: gconv_charset.c (DWARFImportSummary)  
INFO  DWARF compUnit: findlocale.c (DWARFImportSummary)  
INFO  DWARF compUnit: loadarchive.c (DWARFImportSummary)  
INFO  DWARF compUnit: loadlocale.c (DWARFImportSummary)  
INFO  DWARF compUnit: localename.c (DWARFImportSummary)  
INFO  DWARF compUnit: cmp.c (DWARFImportSummary)  
INFO  DWARF compUnit: divrem.c (DWARFImportSummary)  
INFO  DWARF compUnit: ../sysdeps/mips/lshift.S (DWARFImportSummary)  
INFO  DWARF compUnit: mul.c (DWARFImportSummary)  
INFO  DWARF compUnit: ../sysdeps/mips/mul_1.S (DWARFImportSummary)  
INFO  DWARF compUnit: mul_n.c (DWARFImportSummary)  
INFO  DWARF compUnit: ../sysdeps/mips/rshift.S (DWARFImportSummary)  
INFO  DWARF compUnit: ../sysdeps/mips/sub_n.S (DWARFImportSummary)  
INFO  DWARF compUnit: ../sysdeps/mips/submul_1.S (DWARFImportSummary)  
INFO  DWARF compUnit: ../sysdeps/ieee754/dbl-64/dbl2mpn.c (DWARFImportSummary)  
INFO  DWARF compUnit: fpioconst.c (DWARFImportSummary)  
INFO  DWARF compUnit: mp_clz_tab.c (DWARFImportSummary)  
INFO  DWARF compUnit: printf_buffer_as_file.c (DWARFImportSummary)  
INFO  DWARF compUnit: printf_buffer_flush.c (DWARFImportSummary)  
INFO  DWARF compUnit: wprintf_buffer_done.c (DWARFImportSummary)  
INFO  DWARF compUnit: wprintf_buffer_flush.c (DWARFImportSummary)  
INFO  DWARF compUnit: iogetline.c (DWARFImportSummary)  
INFO  DWARF compUnit: memmem.c (DWARFImportSummary)  
INFO  DWARF compUnit: strndup.c (DWARFImportSummary)  
INFO  DWARF compUnit: strspn.c (DWARFImportSummary)  
INFO  DWARF compUnit: lc-time-cleanup.c (DWARFImportSummary)  
INFO  DWARF compUnit: ../sysdeps/unix/sysv/linux/fdopendir.c (DWARFImportSummary)  
INFO  DWARF compUnit: ../sysdeps/unix/sysv/linux/rewinddir.c (DWARFImportSummary)  
INFO  DWARF compUnit: ../sysdeps/unix/sysv/linux/sysconf.c (DWARFImportSummary)  
INFO  DWARF compUnit: ../sysdeps/unix/sysv/linux/getclktck.c (DWARFImportSummary)  
INFO  DWARF compUnit: ../sysdeps/unix/sysv/linux/getdtsz.c (DWARFImportSummary)  
INFO  DWARF compUnit: dl-close.c (DWARFImportSummary)  
INFO  DWARF compUnit: dl-open.c (DWARFImportSummary)  
INFO  DWARF compUnit: dl-sort-maps.c (DWARFImportSummary)  
INFO  DWARF compUnit: dl-version.c (DWARFImportSummary)  
INFO  DWARF compUnit: dl-addr-obj.c (DWARFImportSummary)  
INFO  DWARF compUnit: dl-find_object.c (DWARFImportSummary)  
INFO  DWARF compUnit: rtld_static_init.c (DWARFImportSummary)  
INFO  DWARF compUnit: ../sysdeps/mips/add_n.S (DWARFImportSummary)  
INFO  DWARF compUnit: ../sysdeps/mips/addmul_1.S (DWARFImportSummary)  
INFO  DWARF compUnit: dladdr.c (DWARFImportSummary)  
INFO  DWARF compUnit: dladdr1.c (DWARFImportSummary)  
INFO  DWARF compUnit: dlclose.c (DWARFImportSummary)  
INFO  DWARF compUnit: dlerror.c (DWARFImportSummary)  
INFO  DWARF compUnit: dlinfo.c (DWARFImportSummary)  
INFO  DWARF compUnit: dlmopen.c (DWARFImportSummary)  
INFO  DWARF compUnit: dlopen.c (DWARFImportSummary)  
INFO  DWARF compUnit: dlsym.c (DWARFImportSummary)  
INFO  DWARF compUnit: dlvsym.c (DWARFImportSummary)  
INFO  DWARF compUnit: libc_dlerror_result.c (DWARFImportSummary)  
INFO  DWARF compUnit: ../sysdeps/unix/get_child_max.c (DWARFImportSummary)  
INFO  DWARF compUnit: atomic_wide_counter.c (DWARFImportSummary)  
INFO  DWARF compUnit: dl-call-libc-early-init.c (DWARFImportSummary)  
INFO  DWARF compUnit: dl-call_fini.c (DWARFImportSummary)  
INFO  DWARF compUnit: dl-deps.c (DWARFImportSummary)  
INFO  DWARF compUnit: dl-init.c (DWARFImportSummary)  
INFO  DWARF compUnit: dl-lookup-direct.c (DWARFImportSummary)  
INFO  DWARF compUnit: dl-addr.c (DWARFImportSummary)  
INFO  DWARF compUnit: dl-sym.c (DWARFImportSummary)  
INFO  DWARF compUnit: /home/tommy/crosstool-ng/.build/mips-unknown-linux-gnu/src/gcc/libgcc/libgcc2.c (DWARFImportSummary)  
INFO  DWARF compUnit: /home/tommy/crosstool-ng/.build/mips-unknown-linux-gnu/src/gcc/libgcc/libgcc2.c (DWARFImportSummary)  
INFO  DWARF compUnit: /home/tommy/crosstool-ng/.build/mips-unknown-linux-gnu/src/gcc/libgcc/libgcc2.c (DWARFImportSummary)  
INFO  DWARF compUnit: /home/tommy/crosstool-ng/.build/mips-unknown-linux-gnu/src/gcc/libgcc/soft-fp/ledf2.c (DWARFImportSummary)  
INFO  DWARF compUnit: /home/tommy/crosstool-ng/.build/mips-unknown-linux-gnu/src/gcc/libgcc/soft-fp/unorddf2.c (DWARFImportSummary)  
INFO  DWARF compUnit: /home/tommy/crosstool-ng/.build/mips-unknown-linux-gnu/src/gcc/libgcc/unwind-dw2.c (DWARFImportSummary)  
INFO  DWARF compUnit: /home/tommy/crosstool-ng/.build/mips-unknown-linux-gnu/src/gcc/libgcc/unwind-dw2-fde-dip.c (DWARFImportSummary)  
INFO  DWARF compUnit: /home/tommy/crosstool-ng/.build/mips-unknown-linux-gnu/src/gcc/libgcc/unwind-c.c (DWARFImportSummary)  
INFO  DWARF compUnit: pthread_cond_broadcast.c (DWARFImportSummary)  
INFO  DWARF compUnit: pthread_cond_wait.c (DWARFImportSummary)  
INFO  DWARF compUnit: pthread_mutex_cond_lock.c (DWARFImportSummary)  
INFO  DWARF compUnit: pthread_cond_signal.c (DWARFImportSummary)  
INFO  DWARF compUnit: ../sysdeps/mips/mips32/crtn.S (DWARFImportSummary)  
ERROR DWARF static variables with missing address info: (DWARFImportSummary)  
ERROR   [Variable symbolic name  : variable data type] (DWARFImportSummary)  
ERROR   __evoke_link_warning_dlopen:/char[130] (DWARFImportSummary)  
ERROR   __evoke_link_warning_dlmopen:/char[131] (DWARFImportSummary)  
ERROR DWARF variable definitions that failed because they depended on the dynamic value of a register: 7 (DWARFImportSummary)  
ERROR DWARF variable definitions that failed because they are computed pseudo variables: 133 (DWARFImportSummary)  
ERROR DWARF expression failed to read: 51 (DWARFImportSummary)  
INFO  Packed database cache: /var/tmp/tommy-ghidra/packed-db-cache (PackedDatabaseCache)  
INFO  Multiple function definitions for __sigsetjmp at 004256e0 found.  No function signature applied. (ApplyFunctionDataTypesCmd)  
INFO  Applied data type archive: generic_clib (ApplyDataArchiveAnalyzer)  
INFO  Applied data type archive: generic_clib (ApplyDataArchiveAnalyzer)  
INFO  -----------------------------------------------------
    ASCII Strings                              0.339 secs
    Apply Data Archives                        0.822 secs
    Call Convention ID                         3.542 secs
    Call-Fixup Installer                       0.047 secs
    Create Address Tables                      0.132 secs
    Create Address Tables - One Time           0.042 secs
    Create Function                            0.000 secs
    DWARF                                      5.107 secs
    Data Reference                             0.421 secs
    Decompiler Switch Analysis               139.927 secs
    Demangler GNU                              0.054 secs
    Disassemble Entry Points                   2.945 secs
    Embedded Media                             0.035 secs
    External Entry References                  0.006 secs
    Function Start Search                      0.061 secs
    GCC Exception Handlers                     1.153 secs
    MIPS Constant Reference Analyzer           6.981 secs
    MIPS Symbol                                0.117 secs
    MIPS UnAlligned Instruction Fix            0.165 secs
    Non-Returning Functions - Discovered       0.426 secs
    Non-Returning Functions - Known            0.010 secs
    Reference                                  0.224 secs
    Shared Return Calls                        0.320 secs
    Stack                                      5.820 secs
    Subroutine References                      0.285 secs
    Subroutine References - One Time           0.001 secs
-----------------------------------------------------
     Total Time   168 secs
-----------------------------------------------------
 (AutoAnalysisManager)  
INFO  REPORT: Analysis succeeded for file: file:///home/tommy/cross-architecture/Experiment1/src/scripts_with-g%EF%BC%BF20250204/output_mips/mirai.mips (HeadlessAnalyzer)  
INFO  SCRIPT: /home/tommy/cross-architecture/Experiment1/src/scripts_with-g＿20250204/ghidra/automation_20250208/scripts/ExtractPcodeForComparison.py (HeadlessAnalyzer)  
INFO  ANALYZING changes made by post scripts: file:///home/tommy/cross-architecture/Experiment1/src/scripts_with-g%EF%BC%BF20250204/output_mips/mirai.mips (HeadlessAnalyzer)  
INFO  REPORT: Post-analysis succeeded for file: file:///home/tommy/cross-architecture/Experiment1/src/scripts_with-g%EF%BC%BF20250204/output_mips/mirai.mips (HeadlessAnalyzer)  
INFO  REPORT: Save succeeded for: /mirai.mips (mips_MIRAI:/mirai.mips) (HeadlessAnalyzer)  
INFO  REPORT: Import succeeded (HeadlessAnalyzer)  
