INFO  Using log config file: jar:file:/home/tommy/ghidra_11.2.1_PUBLIC/Ghidra/Framework/Generic/lib/Generic.jar!/generic.log4j.xml (LoggingInitialization)  
INFO  Using log file: /home/tommy/.config/ghidra/ghidra_11.2.1_PUBLIC/application.log (LoggingInitialization)  
INFO  Loading user preferences: /home/tommy/.config/ghidra/ghidra_11.2.1_PUBLIC/preferences (Preferences)  
INFO  Searching for classes... (ClassSearcher)  
INFO  Class search complete (1373 ms) (ClassSearcher)  
INFO  Initializing SSL Context (SSLContextInitializer)  
INFO  Initializing Random Number Generator... (SecureRandomFactory)  
INFO  Random Number Generator initialization complete: NativePRNGNonBlocking (SecureRandomFactory)  
INFO  Trust manager disabled, cacerts have not been set (ApplicationTrustManagerFactory)  
INFO  Headless startup complete (3014 ms) (AnalyzeHeadless)  
INFO  Class searcher loaded 57 extension points (18 false positives) (ClassSearcher)  
INFO  HEADLESS Script Paths:
    /home/tommy/ghidra_11.2.1_PUBLIC/Ghidra/Features/Decompiler/ghidra_scripts
    /home/tommy/ghidra_11.2.1_PUBLIC/Ghidra/Processors/DATA/ghidra_scripts
    /home/tommy/ghidra_11.2.1_PUBLIC/Ghidra/Features/PDB/ghidra_scripts
    /home/tommy/cross-architecture/Experiment1/src/scripts_with-g＿20250204/ghidra/automation_20250208/scripts
    /home/tommy/ghidra_11.2.1_PUBLIC/Ghidra/Processors/8051/ghidra_scripts
    /home/tommy/ghidra_11.2.1_PUBLIC/Ghidra/Debug/Debugger-rmi-trace/ghidra_scripts
    /home/tommy/ghidra_11.2.1_PUBLIC/Ghidra/Features/BytePatterns/ghidra_scripts
    /home/tommy/ghidra_11.2.1_PUBLIC/Ghidra/Processors/PIC/ghidra_scripts
    /home/tommy/ghidra_11.2.1_PUBLIC/Ghidra/Debug/Debugger/ghidra_scripts
    /home/tommy/ghidra_11.2.1_PUBLIC/Ghidra/Features/WildcardAssembler/ghidra_scripts
    /home/tommy/ghidra_11.2.1_PUBLIC/Ghidra/Features/FileFormats/ghidra_scripts
    /home/tommy/ghidra_11.2.1_PUBLIC/Ghidra/Features/Base/ghidra_scripts
    /home/tommy/ghidra_11.2.1_PUBLIC/Ghidra/Features/SwiftDemangler/ghidra_scripts
    /home/tommy/ghidra_11.2.1_PUBLIC/Ghidra/Features/FunctionID/ghidra_scripts
    /home/tommy/ghidra_11.2.1_PUBLIC/Ghidra/Features/BSim/ghidra_scripts
    /home/tommy/ghidra_11.2.1_PUBLIC/Ghidra/Debug/Debugger-agent-dbgmodel-traceloader/ghidra_scripts
    /home/tommy/ghidra_11.2.1_PUBLIC/Ghidra/Debug/Debugger-agent-frida/ghidra_scripts
    /home/tommy/ghidra_11.2.1_PUBLIC/Ghidra/Features/VersionTracking/ghidra_scripts
    /home/tommy/ghidra_11.2.1_PUBLIC/Ghidra/Processors/Atmel/ghidra_scripts
    /home/tommy/ghidra_11.2.1_PUBLIC/Ghidra/Features/SystemEmulation/ghidra_scripts
    /home/tommy/ghidra_11.2.1_PUBLIC/Ghidra/Processors/JVM/ghidra_scripts
    /home/tommy/ghidra_11.2.1_PUBLIC/Ghidra/Features/Jython/ghidra_scripts
    /home/tommy/ghidra_11.2.1_PUBLIC/Ghidra/Features/MicrosoftCodeAnalyzer/ghidra_scripts
    /home/tommy/ghidra_11.2.1_PUBLIC/Ghidra/Features/GnuDemangler/ghidra_scripts (HeadlessAnalyzer)  
ERROR REPORT SCRIPT ERROR: ExtractPcodeForComparison.py : Script not found: ExtractPcodeForComparison.py (HeadlessAnalyzer)  
ERROR Abort due to Headless analyzer error: Invalid script: ExtractPcodeForComparison.py (HeadlessAnalyzer) java.lang.IllegalArgumentException: Invalid script: ExtractPcodeForComparison.py
	at ghidra.app.util.headless.HeadlessAnalyzer.checkScript(HeadlessAnalyzer.java:805)
	at ghidra.app.util.headless.HeadlessAnalyzer.checkScriptsList(HeadlessAnalyzer.java:818)
	at ghidra.app.util.headless.HeadlessAnalyzer.compileScripts(HeadlessAnalyzer.java:852)
	at ghidra.app.util.headless.HeadlessAnalyzer.processLocal(HeadlessAnalyzer.java:420)
	at ghidra.app.util.headless.AnalyzeHeadless.launch(AnalyzeHeadless.java:198)
	at ghidra.GhidraLauncher.launch(GhidraLauncher.java:81)
	at ghidra.Ghidra.main(Ghidra.java:54)
 
